<?xml version="1.0" encoding="UTF-8"?>
<coverage generated="1759354902629" clover="3.2.0">
  <project timestamp="1759354902629" name="All files">
    <metrics statements="14" coveredstatements="13" conditionals="8" coveredconditionals="7" methods="8" coveredmethods="8" elements="30" coveredelements="28" complexity="0" loc="14" ncloc="14" packages="1" files="1" classes="1"/>
    <file name="funcoes.js" path="D:\0. Pessoal\0. Git\PUCRS\Qualidade e Teste de Software\funcoes.js">
      <metrics statements="14" coveredstatements="13" conditionals="8" coveredconditionals="7" methods="8" coveredmethods="8"/>
      <line num="1" count="1" type="stmt"/>
      <line num="2" count="3" type="stmt"/>
      <line num="3" count="3" type="stmt"/>
      <line num="4" count="4" type="stmt"/>
      <line num="5" count="5" type="stmt"/>
      <line num="6" count="1" type="stmt"/>
      <line num="7" count="1" type="stmt"/>
      <line num="8" count="1" type="stmt"/>
      <line num="11" count="4" type="cond" truecount="3" falsecount="1"/>
      <line num="12" count="0" type="stmt"/>
      <line num="13" count="4" type="cond" truecount="4" falsecount="0"/>
      <line num="14" count="3" type="stmt"/>
      <line num="15" count="1" type="stmt"/>
      <line num="19" count="1" type="stmt"/>
    </file>
  </project>
</coverage>
