{"D:\\0. Pessoal\\0. Git\\PUCRS\\Qualidade e Teste de Software\\funcoes.js": {"path":"D:\\0. Pessoal\\0. Git\\PUCRS\\Qualidade e Teste de Software\\funcoes.js","statementMap":{"0":{"start":{"line":1,"column":16},"end":{"line":17,"column":1}},"1":{"start":{"line":2,"column":34},"end":{"line":2,"column":41}},"2":{"start":{"line":3,"column":37},"end":{"line":3,"column":44}},"3":{"start":{"line":4,"column":40},"end":{"line":4,"column":47}},"4":{"start":{"line":5,"column":36},"end":{"line":5,"column":43}},"5":{"start":{"line":6,"column":23},"end":{"line":6,"column":27}},"6":{"start":{"line":7,"column":23},"end":{"line":7,"column":27}},"7":{"start":{"line":8,"column":24},"end":{"line":8,"column":29}},"8":{"start":{"line":11,"column":8},"end":{"line":12,"column":25}},"9":{"start":{"line":12,"column":12},"end":{"line":12,"column":25}},"10":{"start":{"line":13,"column":8},"end":{"line":14,"column":24}},"11":{"start":{"line":14,"column":12},"end":{"line":14,"column":24}},"12":{"start":{"line":15,"column":8},"end":{"line":15,"column":21}},"13":{"start":{"line":19,"column":0},"end":{"line":19,"column":25}}},"fnMap":{"0":{"name":"(anonymous_0)","decl":{"start":{"line":2,"column":22},"end":{"line":2,"column":23}},"loc":{"start":{"line":2,"column":34},"end":{"line":2,"column":41}},"line":2},"1":{"name":"(anonymous_1)","decl":{"start":{"line":3,"column":25},"end":{"line":3,"column":26}},"loc":{"start":{"line":3,"column":37},"end":{"line":3,"column":44}},"line":3},"2":{"name":"(anonymous_2)","decl":{"start":{"line":4,"column":28},"end":{"line":4,"column":29}},"loc":{"start":{"line":4,"column":40},"end":{"line":4,"column":47}},"line":4},"3":{"name":"(anonymous_3)","decl":{"start":{"line":5,"column":24},"end":{"line":5,"column":25}},"loc":{"start":{"line":5,"column":36},"end":{"line":5,"column":43}},"line":5},"4":{"name":"(anonymous_4)","decl":{"start":{"line":6,"column":17},"end":{"line":6,"column":18}},"loc":{"start":{"line":6,"column":23},"end":{"line":6,"column":27}},"line":6},"5":{"name":"(anonymous_5)","decl":{"start":{"line":7,"column":17},"end":{"line":7,"column":18}},"loc":{"start":{"line":7,"column":23},"end":{"line":7,"column":27}},"line":7},"6":{"name":"(anonymous_6)","decl":{"start":{"line":8,"column":18},"end":{"line":8,"column":19}},"loc":{"start":{"line":8,"column":24},"end":{"line":8,"column":29}},"line":8},"7":{"name":"(anonymous_7)","decl":{"start":{"line":10,"column":18},"end":{"line":10,"column":19}},"loc":{"start":{"line":10,"column":30},"end":{"line":16,"column":5}},"line":10}},"branchMap":{"0":{"loc":{"start":{"line":11,"column":8},"end":{"line":12,"column":25}},"type":"if","locations":[{"start":{"line":11,"column":8},"end":{"line":12,"column":25}},{"start":{},"end":{}}],"line":11},"1":{"loc":{"start":{"line":11,"column":12},"end":{"line":11,"column":51}},"type":"binary-expr","locations":[{"start":{"line":11,"column":12},"end":{"line":11,"column":27}},{"start":{"line":11,"column":31},"end":{"line":11,"column":51}}],"line":11},"2":{"loc":{"start":{"line":13,"column":8},"end":{"line":14,"column":24}},"type":"if","locations":[{"start":{"line":13,"column":8},"end":{"line":14,"column":24}},{"start":{},"end":{}}],"line":13},"3":{"loc":{"start":{"line":13,"column":11},"end":{"line":13,"column":42}},"type":"binary-expr","locations":[{"start":{"line":13,"column":11},"end":{"line":13,"column":24}},{"start":{"line":13,"column":28},"end":{"line":13,"column":42}}],"line":13}},"s":{"0":1,"1":3,"2":3,"3":4,"4":5,"5":1,"6":1,"7":1,"8":4,"9":0,"10":4,"11":3,"12":1,"13":1},"f":{"0":3,"1":3,"2":4,"3":5,"4":1,"5":1,"6":1,"7":4},"b":{"0":[0,4],"1":[4,4],"2":[3,1],"3":[4,3]},"_coverageSchema":"1a1c01bbd47fc00a2c39e90264f33305004495a9","hash":"a0ae1aedab487a695d3a51863e7d9c45c6beaff6"}
}
