TN:
SF:funcoes.js
FN:2,(anonymous_0)
FN:3,(anonymous_1)
FN:4,(anonymous_2)
FN:5,(anonymous_3)
FN:6,(anonymous_4)
FN:7,(anonymous_5)
FN:8,(anonymous_6)
FN:10,(anonymous_7)
FNF:8
FNH:8
FNDA:3,(anonymous_0)
FNDA:3,(anonymous_1)
FNDA:4,(anonymous_2)
FNDA:5,(anonymous_3)
FNDA:1,(anonymous_4)
FNDA:1,(anonymous_5)
FNDA:1,(anonymous_6)
FNDA:4,(anonymous_7)
DA:1,1
DA:2,3
DA:3,3
DA:4,4
DA:5,5
DA:6,1
DA:7,1
DA:8,1
DA:11,4
DA:12,0
DA:13,4
DA:14,3
DA:15,1
DA:19,1
LF:14
LH:13
BRDA:11,0,0,0
BRDA:11,0,1,4
BRDA:11,1,0,4
BRDA:11,1,1,4
BRDA:13,2,0,3
BRDA:13,2,1,1
BRDA:13,3,0,4
BRDA:13,3,1,3
BRF:8
BRH:7
end_of_record
